Godot Engine v4.6.2.stable.official.71f334935 - https://godotengine.org
D3D12 12_0 - Forward+ - Using Device #0: NVIDIA - NVIDIA Quadro P4000

Kliknięto Graj - zmieniam scenę
ERROR: Function blocked during in/out signal. Use set_deferred("monitoring", true/false).
   at: set_monitoring (scene/2d/physics/area_2d.cpp:426)
   GDScript backtrace (most recent call first):
       [0] _on_skrzynia_body_entered (res://icon.gd:179)
ERROR: Function blocked during in/out signal. Use set_deferred("monitoring", true/false).
   at: set_monitoring (scene/2d/physics/area_2d.cpp:426)
   GDScript backtrace (most recent call first):
       [0] _on_skrzynia_body_entered (res://icon.gd:179)
ERROR: Function blocked during in/out signal. Use set_deferred("monitoring", true/false).
   at: set_monitoring (scene/2d/physics/area_2d.cpp:426)
   GDScript backtrace (most recent call first):
       [0] _on_skrzynia_body_entered (res://icon.gd:179)
ERROR: Function blocked during in/out signal. Use set_deferred("monitoring", true/false).
   at: set_monitoring (scene/2d/physics/area_2d.cpp:426)
   GDScript backtrace (most recent call first):
       [0] _on_skrzynia_body_entered (res://icon.gd:179)
ERROR: Function blocked during in/out signal. Use set_deferred("monitoring", true/false).
   at: set_monitoring (scene/2d/physics/area_2d.cpp:426)
   GDScript backtrace (most recent call first):
       [0] _on_skrzynia_body_entered (res://icon.gd:179)
ERROR: Function blocked during in/out signal. Use set_deferred("monitoring", true/false).
   at: set_monitoring (scene/2d/physics/area_2d.cpp:426)
   GDScript backtrace (most recent call first):
       [0] _on_skrzynia_body_entered (res://icon.gd:179)
